<?xml version="1.0" encoding="UTF-8"?>
<!-- Generated by org.testng.reporters.JUnitReportReporter -->
<testsuite hostname="pirimid11" failures="0" tests="1" name="UIAutomator.DemoNewTest" time="9.065" errors="0" timestamp="2024-08-13T17:22:40 IST" skipped="0">
  <testcase classname="UIAutomator.DemoNewTest" name="testFlipkart" time="9.065"/>
</testsuite> <!-- UIAutomator.DemoNewTest -->
